{"name": "Sort by price descending", "status": "failed", "statusDetails": {"message": "AssertionError: no option 'Price (High > Low)' found\n", "trace": "  File \"C:\\Users\\yaros\\PycharmProjects\\NAPS_TEST\\venv\\lib\\site-packages\\behave\\model.py\", line 1329, in run\n    match.run(runner.context)\n  File \"C:\\Users\\yaros\\PycharmProjects\\NAPS_TEST\\venv\\lib\\site-packages\\behave\\matchers.py\", line 98, in run\n    self.func(context, *args, **kwargs)\n  File \"steps\\sort_steps.py\", line 16, in implement\n    assert button is not None, f\"no option '{sort_by}' found\"\n"}, "steps": [{"name": "Given open website \"http://opencart.qatestlab.net/\"", "status": "passed", "start": 1701857994954, "stop": 1701858006281}, {"name": "When enter \"pet\" in search field", "status": "passed", "start": 1701858006282, "stop": 1701858011420}, {"name": "And select sort by \"Price (High > Low)\"", "status": "failed", "statusDetails": {"message": "AssertionError: no option 'Price (High > Low)' found\n", "trace": "  File \"C:\\Users\\yaros\\PycharmProjects\\NAPS_TEST\\venv\\lib\\site-packages\\behave\\model.py\", line 1329, in run\n    match.run(runner.context)\n  File \"C:\\Users\\yaros\\PycharmProjects\\NAPS_TEST\\venv\\lib\\site-packages\\behave\\matchers.py\", line 98, in run\n    self.func(context, *args, **kwargs)\n  File \"steps\\sort_steps.py\", line 16, in implement\n    assert button is not None, f\"no option '{sort_by}' found\"\n"}, "start": 1701858011420, "stop": 1701858011836}, {"name": "Then results should be sorted by \"price\" \"descending\"", "status": "skipped", "start": 1701858011836, "stop": 1701858011836}], "start": 1701857994954, "stop": 1701858011836, "uuid": "e2f4c9cc-d80f-44e5-9747-9437868b21d2", "historyId": "bf0497940af0f1358459d3babf8cf906", "fullName": "Example Feature: Sort by price descending", "labels": [{"name": "severity", "value": "normal"}, {"name": "feature", "value": "Example Feature"}, {"name": "framework", "value": "behave"}, {"name": "language", "value": "cpython3"}]}