{"uid":"156693c8ffda75af","name":"Sort by price descending","fullName":"Example Feature: Sort by price descending","historyId":"bf0497940af0f1358459d3babf8cf906","time":{"start":1701857994954,"stop":1701858011836,"duration":16882},"status":"failed","statusMessage":"AssertionError: no option 'Price (High > Low)' found\n","statusTrace":"  File \"C:\\Users\\yaros\\PycharmProjects\\NAPS_TEST\\venv\\lib\\site-packages\\behave\\model.py\", line 1329, in run\n    match.run(runner.context)\n  File \"C:\\Users\\yaros\\PycharmProjects\\NAPS_TEST\\venv\\lib\\site-packages\\behave\\matchers.py\", line 98, in run\n    self.func(context, *args, **kwargs)\n  File \"steps\\sort_steps.py\", line 16, in implement\n    assert button is not None, f\"no option '{sort_by}' found\"\n","flaky":false,"newFailed":false,"newBroken":false,"newPassed":false,"retriesCount":1,"retriesStatusChange":false,"beforeStages":[],"testStage":{"status":"failed","statusMessage":"AssertionError: no option 'Price (High > Low)' found\n","statusTrace":"  File \"C:\\Users\\yaros\\PycharmProjects\\NAPS_TEST\\venv\\lib\\site-packages\\behave\\model.py\", line 1329, in run\n    match.run(runner.context)\n  File \"C:\\Users\\yaros\\PycharmProjects\\NAPS_TEST\\venv\\lib\\site-packages\\behave\\matchers.py\", line 98, in run\n    self.func(context, *args, **kwargs)\n  File \"steps\\sort_steps.py\", line 16, in implement\n    assert button is not None, f\"no option '{sort_by}' found\"\n","steps":[{"name":"Given open website \"http://opencart.qatestlab.net/\"","time":{"start":1701857994954,"stop":1701858006281,"duration":11327},"status":"passed","steps":[],"attachments":[],"parameters":[],"shouldDisplayMessage":false,"attachmentsCount":0,"hasContent":false,"attachmentStep":false,"stepsCount":0},{"name":"When enter \"pet\" in search field","time":{"start":1701858006282,"stop":1701858011420,"duration":5138},"status":"passed","steps":[],"attachments":[],"parameters":[],"shouldDisplayMessage":false,"attachmentsCount":0,"hasContent":false,"attachmentStep":false,"stepsCount":0},{"name":"And select sort by \"Price (High > Low)\"","time":{"start":1701858011420,"stop":1701858011836,"duration":416},"status":"failed","statusMessage":"AssertionError: no option 'Price (High > Low)' found\n","statusTrace":"  File \"C:\\Users\\yaros\\PycharmProjects\\NAPS_TEST\\venv\\lib\\site-packages\\behave\\model.py\", line 1329, in run\n    match.run(runner.context)\n  File \"C:\\Users\\yaros\\PycharmProjects\\NAPS_TEST\\venv\\lib\\site-packages\\behave\\matchers.py\", line 98, in run\n    self.func(context, *args, **kwargs)\n  File \"steps\\sort_steps.py\", line 16, in implement\n    assert button is not None, f\"no option '{sort_by}' found\"\n","steps":[],"attachments":[],"parameters":[],"shouldDisplayMessage":true,"attachmentsCount":0,"hasContent":true,"attachmentStep":false,"stepsCount":0},{"name":"Then results should be sorted by \"price\" \"descending\"","time":{"start":1701858011836,"stop":1701858011836,"duration":0},"status":"skipped","steps":[],"attachments":[],"parameters":[],"shouldDisplayMessage":false,"attachmentsCount":0,"hasContent":false,"attachmentStep":false,"stepsCount":0}],"attachments":[],"parameters":[],"shouldDisplayMessage":false,"attachmentsCount":0,"hasContent":true,"attachmentStep":false,"stepsCount":4},"afterStages":[],"labels":[{"name":"severity","value":"normal"},{"name":"feature","value":"Example Feature"},{"name":"framework","value":"behave"},{"name":"language","value":"cpython3"},{"name":"resultFormat","value":"allure2"}],"parameters":[],"links":[],"hidden":false,"retry":false,"extra":{"severity":"normal","retries":[{"uid":"c983e61407524a80","status":"failed","statusDetails":"AssertionError: not sorted by price descending\nActual order: [50.0, 7.0, 11.0, 18.0, 23.0, 28.0, 31.0, 32.0, 32.0]\n","time":{"start":1701856483373,"stop":1701856508625,"duration":25252}}],"categories":[{"name":"Product defects","matchedStatuses":[],"flaky":false}],"tags":[]},"source":"156693c8ffda75af.json","parameterValues":[]}