{"uid":"1bae52a7c37f9eb6","name":"search for \"Pet\" and add first item to basket","fullName":"Example Feature: search for \"Pet\" and add first item to basket","historyId":"b72828baf6cae26bdc5b26a3e9fcbea4","time":{"start":1701856024849,"stop":1701856069313,"duration":44464},"status":"failed","statusMessage":"AssertionError: no sizes to choose from\n","statusTrace":"  File \"C:\\Users\\yaros\\PycharmProjects\\NAPS_TEST\\venv\\lib\\site-packages\\behave\\model.py\", line 1329, in run\n    match.run(runner.context)\n  File \"C:\\Users\\yaros\\PycharmProjects\\NAPS_TEST\\venv\\lib\\site-packages\\behave\\matchers.py\", line 98, in run\n    self.func(context, *args, **kwargs)\n  File \"steps\\add_to_basket_steps.py\", line 22, in implement\n    assert len(sizes) > 1, \"no sizes to choose from\"\n","flaky":false,"newFailed":false,"newBroken":false,"newPassed":false,"retriesCount":0,"retriesStatusChange":false,"beforeStages":[],"testStage":{"status":"failed","statusMessage":"AssertionError: no sizes to choose from\n","statusTrace":"  File \"C:\\Users\\yaros\\PycharmProjects\\NAPS_TEST\\venv\\lib\\site-packages\\behave\\model.py\", line 1329, in run\n    match.run(runner.context)\n  File \"C:\\Users\\yaros\\PycharmProjects\\NAPS_TEST\\venv\\lib\\site-packages\\behave\\matchers.py\", line 98, in run\n    self.func(context, *args, **kwargs)\n  File \"steps\\add_to_basket_steps.py\", line 22, in implement\n    assert len(sizes) > 1, \"no sizes to choose from\"\n","steps":[{"name":"Given open website \"http://opencart.qatestlab.net/\"","time":{"start":1701856024852,"stop":1701856038061,"duration":13209},"status":"passed","steps":[],"attachments":[],"parameters":[],"shouldDisplayMessage":false,"attachmentsCount":0,"hasContent":false,"attachmentStep":false,"stepsCount":0},{"name":"When enter \"Pet\" in search field","time":{"start":1701856038061,"stop":1701856044035,"duration":5974},"status":"passed","steps":[],"attachments":[],"parameters":[],"shouldDisplayMessage":false,"attachmentsCount":0,"hasContent":false,"attachmentStep":false,"stepsCount":0},{"name":"And choose item #\"1\"","time":{"start":1701856044037,"stop":1701856067953,"duration":23916},"status":"passed","steps":[],"attachments":[],"parameters":[],"shouldDisplayMessage":false,"attachmentsCount":0,"hasContent":false,"attachmentStep":false,"stepsCount":0},{"name":"And choose \"default size\" and \"default color\" options","time":{"start":1701856067953,"stop":1701856069308,"duration":1355},"status":"failed","statusMessage":"AssertionError: no sizes to choose from\n","statusTrace":"  File \"C:\\Users\\yaros\\PycharmProjects\\NAPS_TEST\\venv\\lib\\site-packages\\behave\\model.py\", line 1329, in run\n    match.run(runner.context)\n  File \"C:\\Users\\yaros\\PycharmProjects\\NAPS_TEST\\venv\\lib\\site-packages\\behave\\matchers.py\", line 98, in run\n    self.func(context, *args, **kwargs)\n  File \"steps\\add_to_basket_steps.py\", line 22, in implement\n    assert len(sizes) > 1, \"no sizes to choose from\"\n","steps":[],"attachments":[],"parameters":[],"shouldDisplayMessage":true,"attachmentsCount":0,"hasContent":true,"attachmentStep":false,"stepsCount":0},{"name":"And click buy","time":{"start":1701856069313,"stop":1701856069313,"duration":0},"status":"skipped","steps":[],"attachments":[],"parameters":[],"shouldDisplayMessage":false,"attachmentsCount":0,"hasContent":false,"attachmentStep":false,"stepsCount":0},{"name":"And go to basket","time":{"start":1701856069313,"stop":1701856069313,"duration":0},"status":"skipped","steps":[],"attachments":[],"parameters":[],"shouldDisplayMessage":false,"attachmentsCount":0,"hasContent":false,"attachmentStep":false,"stepsCount":0},{"name":"Then basket should have \"1\" items","time":{"start":1701856069313,"stop":1701856069313,"duration":0},"status":"skipped","steps":[],"attachments":[],"parameters":[],"shouldDisplayMessage":false,"attachmentsCount":0,"hasContent":false,"attachmentStep":false,"stepsCount":0}],"attachments":[],"parameters":[],"shouldDisplayMessage":false,"attachmentsCount":0,"hasContent":true,"attachmentStep":false,"stepsCount":7},"afterStages":[],"labels":[{"name":"severity","value":"normal"},{"name":"feature","value":"Example Feature"},{"name":"framework","value":"behave"},{"name":"language","value":"cpython3"},{"name":"resultFormat","value":"allure2"}],"parameters":[],"links":[],"hidden":true,"retry":true,"extra":{"categories":[],"tags":[]},"source":"1bae52a7c37f9eb6.json","parameterValues":[]}